Ignoring nokogiri-1.6.8 because its extensions are not built.  Try: gem pristine nokogiri --version 1.6.8
Ignoring sqlite3-1.3.11 because its extensions are not built.  Try: gem pristine sqlite3 --version 1.3.11
>> BUNDLE_GEMFILE=/Users/tyler/Development/GitHub/guts/gemfiles/rails_5.gemfile bundle exec rake test
Ignoring nokogiri-1.6.8 because its extensions are not built.  Try: gem pristine nokogiri --version 1.6.8
Ignoring sqlite3-1.3.11 because its extensions are not built.  Try: gem pristine sqlite3 --version 1.3.11
Ignoring nokogiri-1.6.8 because its extensions are not built.  Try: gem pristine nokogiri --version 1.6.8
Ignoring sqlite3-1.3.11 because its extensions are not built.  Try: gem pristine sqlite3 --version 1.3.11
DEPRECATION WARNING: `config.serve_static_files` is deprecated and will be removed in Rails 5.1.
Please use `config.public_file_server.enabled = true` instead.
 (called from block in <top (required)> at /Users/tyler/Development/GitHub/guts/test/dummy/config/environments/test.rb:16)
DEPRECATION WARNING: `config.static_cache_control` is deprecated and will be removed in Rails 5.1.
Please use
`config.public_file_server.headers = { 'Cache-Control' => 'public, max-age=3600' }`
instead.
 (called from block in <top (required)> at /Users/tyler/Development/GitHub/guts/test/dummy/config/environments/test.rb:17)
DEPRECATION WARNING: ActiveRecord::Base.raise_in_transactional_callbacks= is deprecated, has no effect and will be removed without replacement. (called from <top (required)> at /Users/tyler/Development/GitHub/guts/test/dummy/config/environment.rb:5)
Run options: --seed 46247

# Running:

.........................................................................E

Error:
Guts::GroupsControllerTest#test_should_fail_to_update_group_and_send_back_to_edit:
ActiveRecord::RecordNotFound: Couldn't find Guts::Group with 'id'=admins
    

bin/rails test /Users/tyler/Development/GitHub/guts/test/controllers/guts/groups_controller_test.rb:63

E

Error:
Guts::GroupsControllerTest#test_should_get_edit:
ActiveRecord::RecordNotFound: Couldn't find Guts::Group with 'id'=admins
    

bin/rails test /Users/tyler/Development/GitHub/guts/test/controllers/guts/groups_controller_test.rb:45

E

Error:
Guts::GroupsControllerTest#test_should_update_group:
ActiveRecord::RecordNotFound: Couldn't find Guts::Group with 'id'=admins
    

bin/rails test /Users/tyler/Development/GitHub/guts/test/controllers/guts/groups_controller_test.rb:50

..E

Error:
Guts::GroupsControllerTest#test_should_destroy_group:
ActiveRecord::RecordNotFound: Couldn't find Guts::Group with 'id'=admins
    

bin/rails test /Users/tyler/Development/GitHub/guts/test/controllers/guts/groups_controller_test.rb:72

DEPRECATION WARNING: Passing plural as a positional argument is deprecated and will be removed in Rails 5.1. Use e.g. pluralize(1, 'person', plural: 'people') instead. (called from block in ___sers_tyler__evelopment__it_ub_guts_app_views_guts_groups_index_html_erb___1606074847253283316_70151033404940 at /Users/tyler/Development/GitHub/guts/app/views/guts/groups/index.html.erb:26)
.E

Error:
Guts::GroupsControllerTest#test_should_show_group:
ActiveRecord::RecordNotFound: Couldn't find Guts::Group with 'id'=admins
    

bin/rails test /Users/tyler/Development/GitHub/guts/test/controllers/guts/groups_controller_test.rb:40

....................................DEPRECATION WARNING: Passing plural as a positional argument is deprecated and will be removed in Rails 5.1. Use e.g. pluralize(1, 'person', plural: 'people') instead. (called from block in ___sers_tyler__evelopment__it_ub_guts_app_views_guts_types_index_html_erb__1594601982693571052_70151033924320 at /Users/tyler/Development/GitHub/guts/app/views/guts/types/index.html.erb:26)
..............................................DEPRECATION WARNING: Method find is deprecated and will be removed in Rails 5.1, as `ActionController::Parameters` no longer inherits from hash. Using this deprecated behavior exposes potential security problems. If you continue to use this method you may be creating a security vulnerability in your app that can be exploited. Instead, consider using one of these documented methods which are not deprecated: http://api.rubyonrails.org/v5.0.0/classes/ActionController/Parameters.html (called from block (2 levels) in reorder at /Users/tyler/Development/GitHub/guts/app/controllers/guts/navigations_controller.rb:67)
DEPRECATION WARNING: Method find is deprecated and will be removed in Rails 5.1, as `ActionController::Parameters` no longer inherits from hash. Using this deprecated behavior exposes potential security problems. If you continue to use this method you may be creating a security vulnerability in your app that can be exploited. Instead, consider using one of these documented methods which are not deprecated: http://api.rubyonrails.org/v5.0.0/classes/ActionController/Parameters.html (called from block (2 levels) in reorder at /Users/tyler/Development/GitHub/guts/app/controllers/guts/navigations_controller.rb:67)
DEPRECATION WARNING: `:nothing` option is deprecated and will be removed in Rails 5.1. Use `head` method to respond with empty response body. (called from reorder at /Users/tyler/Development/GitHub/guts/app/controllers/guts/navigations_controller.rb:72)
.........................................DEPRECATION WARNING: Passing plural as a positional argument is deprecated and will be removed in Rails 5.1. Use e.g. pluralize(1, 'person', plural: 'people') instead. (called from block in ___sers_tyler__evelopment__it_ub_guts_app_views_guts_categories_index_html_erb___1590168135673176766_70151017878120 at /Users/tyler/Development/GitHub/guts/app/views/guts/categories/index.html.erb:26)
.......................................................

Finished in 10.716386s, 24.1686 runs/s, 41.6185 assertions/s.

259 runs, 446 assertions, 0 failures, 5 errors, 0 skips
Coverage report generated for Unit Tests to /Users/tyler/Development/GitHub/guts/coverage. 907 / 915 LOC (99.13%) covered.
rake aborted!
Command failed with status (1): [ruby -I"lib:lib:test" -I"/Users/tyler/Development/GitHub/guts/vendor/bundle/ruby/2.3.0/gems/rake-11.3.0/lib" "/Users/tyler/Development/GitHub/guts/vendor/bundle/ruby/2.3.0/gems/rake-11.3.0/lib/rake/rake_test_loader.rb" "test/**/*_test.rb" ]
/Users/tyler/Development/GitHub/guts/vendor/bundle/ruby/2.3.0/gems/rake-11.3.0/exe/rake:27:in `<top (required)>'
/Users/tyler/.rvm/gems/ruby-2.3.0/gems/bundler-1.13.6/lib/bundler/cli/exec.rb:74:in `load'
/Users/tyler/.rvm/gems/ruby-2.3.0/gems/bundler-1.13.6/lib/bundler/cli/exec.rb:74:in `kernel_load'
/Users/tyler/.rvm/gems/ruby-2.3.0/gems/bundler-1.13.6/lib/bundler/cli/exec.rb:27:in `run'
/Users/tyler/.rvm/gems/ruby-2.3.0/gems/bundler-1.13.6/lib/bundler/cli.rb:332:in `exec'
/Users/tyler/.rvm/gems/ruby-2.3.0/gems/bundler-1.13.6/lib/bundler/vendor/thor/lib/thor/command.rb:27:in `run'
/Users/tyler/.rvm/gems/ruby-2.3.0/gems/bundler-1.13.6/lib/bundler/vendor/thor/lib/thor/invocation.rb:126:in `invoke_command'
/Users/tyler/.rvm/gems/ruby-2.3.0/gems/bundler-1.13.6/lib/bundler/vendor/thor/lib/thor.rb:359:in `dispatch'
/Users/tyler/.rvm/gems/ruby-2.3.0/gems/bundler-1.13.6/lib/bundler/cli.rb:20:in `dispatch'
/Users/tyler/.rvm/gems/ruby-2.3.0/gems/bundler-1.13.6/lib/bundler/vendor/thor/lib/thor/base.rb:440:in `start'
/Users/tyler/.rvm/gems/ruby-2.3.0/gems/bundler-1.13.6/lib/bundler/cli.rb:11:in `start'
/Users/tyler/Development/GitHub/guts/vendor/bundle/ruby/2.3.0/gems/bundler-1.13.6/exe/bundle:34:in `block in <top (required)>'
/Users/tyler/.rvm/gems/ruby-2.3.0/gems/bundler-1.13.6/lib/bundler/friendly_errors.rb:100:in `with_friendly_errors'
/Users/tyler/Development/GitHub/guts/vendor/bundle/ruby/2.3.0/gems/bundler-1.13.6/exe/bundle:26:in `<top (required)>'
/Users/tyler/Development/GitHub/guts/vendor/bundle/ruby/2.3.0/bin/bundle:23:in `load'
/Users/tyler/Development/GitHub/guts/vendor/bundle/ruby/2.3.0/bin/bundle:23:in `<main>'
Tasks: TOP => test
(See full trace by running task with --trace)
